UVFree/app/build/outputs/logs/manifest-merger-release-report.txt
-- Merging decision tree log ---
manifest
ADDED from src\main\AndroidManifest.xml:2:1-306:12
	package
		ADDED from src\main\AndroidManifest.xml:3:5-37
		INJECTED from src\main\AndroidManifest.xml
		INJECTED from src\main\AndroidManifest.xml
	android:versionName
		INJECTED from src\main\AndroidManifest.xml
		INJECTED from src\main\AndroidManifest.xml
	xmlns:android
		ADDED from src\main\AndroidManifest.xml:2:11-69
	android:versionCode
		INJECTED from src\main\AndroidManifest.xml
		INJECTED from src\main\AndroidManifest.xml
uses-permission#android.permission.CAMERA
ADDED from src\main\AndroidManifest.xml:6:5-65
	android:name
		ADDED from src\main\AndroidManifest.xml:6:22-62
uses-feature#android.hardware.camera
ADDED from src\main\AndroidManifest.xml:8:5-10:35
	android:required
		ADDED from src\main\AndroidManifest.xml:10:9-32
	android:name
		ADDED from src\main\AndroidManifest.xml:9:9-47
uses-feature#android.harware.camera.autofocus
ADDED from src\main\AndroidManifest.xml:13:5-15:36
	android:required
		ADDED from src\main\AndroidManifest.xml:15:9-33
	android:name
		ADDED from src\main\AndroidManifest.xml:14:9-56
uses-permission#android.permission.WRITE_EXTERNAL_STORAGE
ADDED from src\main\AndroidManifest.xml:17:5-81
	android:name
		ADDED from src\main\AndroidManifest.xml:17:22-78
uses-permission#android.permission.ACCESS_FINE_LOCATION
ADDED from src\main\AndroidManifest.xml:19:5-79
	android:name
		ADDED from src\main\AndroidManifest.xml:19:22-76
uses-permission#android.permission.INTERNET
ADDED from src\main\AndroidManifest.xml:21:5-67
	android:name
		ADDED from src\main\AndroidManifest.xml:21:22-64
application
ADDED from src\main\AndroidManifest.xml:23:5-304:19
MERGED from [com.android.support:appcompat-v7:21.0.3] AndroidManifest.xml:16:5-19
MERGED from [com.android.support:support-v4:21.0.3] AndroidManifest.xml:16:5-19
MERGED from [com.android.support:support-v4:21.0.3] AndroidManifest.xml:16:5-19
	android:label
		ADDED from src\main\AndroidManifest.xml:26:9-41
	android:allowBackup
		ADDED from src\main\AndroidManifest.xml:24:9-35
	android:icon
		ADDED from src\main\AndroidManifest.xml:25:9-45
	android:theme
		ADDED from src\main\AndroidManifest.xml:27:9-40
activity#diagnose.uvfree.uvfree.SplashScreen
ADDED from src\main\AndroidManifest.xml:29:9-39:20
	android:label
		ADDED from src\main\AndroidManifest.xml:32:13-45
	android:configChanges
		ADDED from src\main\AndroidManifest.xml:31:13-74
	android:theme
		ADDED from src\main\AndroidManifest.xml:33:13-63
	android:name
		ADDED from src\main\AndroidManifest.xml:30:13-41
intent-filter#android.intent.action.MAIN+android.intent.category.LAUNCHER
ADDED from src\main\AndroidManifest.xml:34:13-38:29
action#android.intent.action.MAIN
ADDED from src\main\AndroidManifest.xml:35:17-69
	android:name
		ADDED from src\main\AndroidManifest.xml:35:25-66
category#android.intent.category.LAUNCHER
ADDED from src\main\AndroidManifest.xml:37:17-77
	android:name
		ADDED from src\main\AndroidManifest.xml:37:27-74
activity#diagnose.uvfree.uvfree.MainActivity
ADDED from src\main\AndroidManifest.xml:41:9-50:20
	android:screenOrientation
		ADDED from src\main\AndroidManifest.xml:44:13-49
	android:label
		ADDED from src\main\AndroidManifest.xml:43:13-45
	android:name
		ADDED from src\main\AndroidManifest.xml:42:13-41
intent-filter#android.intent.action.MAIN+android.intent.category.GENERAL
ADDED from src\main\AndroidManifest.xml:45:13-49:29
category#android.intent.category.GENERAL
ADDED from src\main\AndroidManifest.xml:48:17-76
	android:name
		ADDED from src\main\AndroidManifest.xml:48:27-73
activity#diagnose.uvfree.uvfree.Login
ADDED from src\main\AndroidManifest.xml:52:9-61:20
	android:screenOrientation
		ADDED from src\main\AndroidManifest.xml:55:13-49
	android:label
		ADDED from src\main\AndroidManifest.xml:54:13-57
	android:name
		ADDED from src\main\AndroidManifest.xml:53:13-34
activity#diagnose.uvfree.uvfree.Register
ADDED from src\main\AndroidManifest.xml:63:9-77:20
	android:screenOrientation
		ADDED from src\main\AndroidManifest.xml:67:13-49
	android:label
		ADDED from src\main\AndroidManifest.xml:65:13-45
	android:parentActivityName
		ADDED from src\main\AndroidManifest.xml:66:13-48
	android:name
		ADDED from src\main\AndroidManifest.xml:64:13-37
meta-data#android.support.PARENT_ACTIVITY
ADDED from src\main\AndroidManifest.xml:68:13-70:42
	android:value
		ADDED from src\main\AndroidManifest.xml:70:17-39
	android:name
		ADDED from src\main\AndroidManifest.xml:69:17-63
activity#diagnose.uvfree.uvfree.ConfigureDB
ADDED from src\main\AndroidManifest.xml:79:9-93:20
	android:screenOrientation
		ADDED from src\main\AndroidManifest.xml:83:13-49
	android:label
		ADDED from src\main\AndroidManifest.xml:81:13-49
	android:parentActivityName
		ADDED from src\main\AndroidManifest.xml:82:13-48
	android:name
		ADDED from src\main\AndroidManifest.xml:80:13-40
activity#diagnose.uvfree.uvfree.AboutApp
ADDED from src\main\AndroidManifest.xml:95:9-109:20
	android:screenOrientation
		ADDED from src\main\AndroidManifest.xml:99:13-49
	android:label
		ADDED from src\main\AndroidManifest.xml:97:13-46
	android:parentActivityName
		ADDED from src\main\AndroidManifest.xml:98:13-55
	android:name
		ADDED from src\main\AndroidManifest.xml:96:13-37
activity#diagnose.uvfree.uvfree.Settings
ADDED from src\main\AndroidManifest.xml:111:9-125:20
	android:screenOrientation
		ADDED from src\main\AndroidManifest.xml:115:13-49
	android:label
		ADDED from src\main\AndroidManifest.xml:113:13-45
	android:parentActivityName
		ADDED from src\main\AndroidManifest.xml:114:13-55
	android:name
		ADDED from src\main\AndroidManifest.xml:112:13-37
activity#diagnose.uvfree.uvfree.PhotoQueue
ADDED from src\main\AndroidManifest.xml:127:9-141:20
	android:screenOrientation
		ADDED from src\main\AndroidManifest.xml:131:13-49
	android:label
		ADDED from src\main\AndroidManifest.xml:129:13-48
	android:parentActivityName
		ADDED from src\main\AndroidManifest.xml:130:13-55
	android:name
		ADDED from src\main\AndroidManifest.xml:128:13-39
activity#diagnose.uvfree.uvfree.PreviewDiag
ADDED from src\main\AndroidManifest.xml:143:9-157:20
	android:screenOrientation
		ADDED from src\main\AndroidManifest.xml:147:13-49
	android:label
		ADDED from src\main\AndroidManifest.xml:145:13-50
	android:parentActivityName
		ADDED from src\main\AndroidManifest.xml:146:13-53
	android:name
		ADDED from src\main\AndroidManifest.xml:144:13-40
activity#diagnose.uvfree.uvfree.UploadConfirm
ADDED from src\main\AndroidManifest.xml:159:9-173:20
	android:screenOrientation
		ADDED from src\main\AndroidManifest.xml:163:13-49
	android:label
		ADDED from src\main\AndroidManifest.xml:161:13-51
	android:parentActivityName
		ADDED from src\main\AndroidManifest.xml:162:13-53
	android:name
		ADDED from src\main\AndroidManifest.xml:160:13-42
activity#diagnose.uvfree.uvfree.TakeNewImage
ADDED from src\main\AndroidManifest.xml:175:9-189:20
	android:screenOrientation
		ADDED from src\main\AndroidManifest.xml:179:13-49
	android:label
		ADDED from src\main\AndroidManifest.xml:177:13-51
	android:parentActivityName
		ADDED from src\main\AndroidManifest.xml:178:13-55
	android:name
		ADDED from src\main\AndroidManifest.xml:176:13-41
activity#diagnose.uvfree.uvfree.BodyLocation
ADDED from src\main\AndroidManifest.xml:191:9-206:20
	android:screenOrientation
		ADDED from src\main\AndroidManifest.xml:196:13-49
	android:label
		ADDED from src\main\AndroidManifest.xml:193:13-45
	android:parentActivityName
		ADDED from src\main\AndroidManifest.xml:195:13-55
	android:launchMode
		ADDED from src\main\AndroidManifest.xml:194:13-43
	android:name
		ADDED from src\main\AndroidManifest.xml:192:13-41
activity#diagnose.uvfree.uvfree.ZoomedLocation
ADDED from src\main\AndroidManifest.xml:209:9-223:20
	android:screenOrientation
		ADDED from src\main\AndroidManifest.xml:213:13-49
	android:label
		ADDED from src\main\AndroidManifest.xml:211:13-47
	android:parentActivityName
		ADDED from src\main\AndroidManifest.xml:212:13-55
	android:name
		ADDED from src\main\AndroidManifest.xml:210:13-43
activity#diagnose.uvfree.uvfree.FirstPhoto
ADDED from src\main\AndroidManifest.xml:226:9-241:20
	android:screenOrientation
		ADDED from src\main\AndroidManifest.xml:230:13-49
	android:label
		ADDED from src\main\AndroidManifest.xml:228:13-48
	android:parentActivityName
		ADDED from src\main\AndroidManifest.xml:229:13-55
	android:theme
		ADDED from src\main\AndroidManifest.xml:231:13-56
	android:name
		ADDED from src\main\AndroidManifest.xml:227:13-39
activity#diagnose.uvfree.uvfree.SecondPhoto
ADDED from src\main\AndroidManifest.xml:244:9-259:20
	android:screenOrientation
		ADDED from src\main\AndroidManifest.xml:248:13-49
	android:label
		ADDED from src\main\AndroidManifest.xml:246:13-49
	android:parentActivityName
		ADDED from src\main\AndroidManifest.xml:247:13-53
	android:theme
		ADDED from src\main\AndroidManifest.xml:249:13-56
	android:name
		ADDED from src\main\AndroidManifest.xml:245:13-40
activity#diagnose.uvfree.uvfree.Confirm
ADDED from src\main\AndroidManifest.xml:261:9-275:20
	android:screenOrientation
		ADDED from src\main\AndroidManifest.xml:265:13-49
	android:label
		ADDED from src\main\AndroidManifest.xml:263:13-44
	android:parentActivityName
		ADDED from src\main\AndroidManifest.xml:264:13-54
	android:name
		ADDED from src\main\AndroidManifest.xml:262:13-36
activity#diagnose.uvfree.uvfree.PreviewToRetake
ADDED from src\main\AndroidManifest.xml:277:9-291:20
	android:screenOrientation
		ADDED from src\main\AndroidManifest.xml:281:13-49
	android:label
		ADDED from src\main\AndroidManifest.xml:279:13-69
	android:parentActivityName
		ADDED from src\main\AndroidManifest.xml:280:13-50
	android:name
		ADDED from src\main\AndroidManifest.xml:278:13-44
activity#diagnose.uvfree.uvfree.LesionInfo
ADDED from src\main\AndroidManifest.xml:292:9-299:20
	android:label
		ADDED from src\main\AndroidManifest.xml:294:13-63
	android:parentActivityName
		ADDED from src\main\AndroidManifest.xml:295:13-57
	android:name
		ADDED from src\main\AndroidManifest.xml:293:13-39
activity#diagnose.uvfree.uvfree.Uploading
ADDED from src\main\AndroidManifest.xml:300:9-303:20
	android:label
		ADDED from src\main\AndroidManifest.xml:302:13-61
	android:name
		ADDED from src\main\AndroidManifest.xml:301:13-38
uses-sdk
INJECTED from src\main\AndroidManifest.xml reason: use-sdk injection requested
MERGED from [com.android.support:appcompat-v7:21.0.3] AndroidManifest.xml:15:5-42
MERGED from [com.android.support:support-v4:21.0.3] AndroidManifest.xml:15:5-42
MERGED from [com.android.support:support-v4:21.0.3] AndroidManifest.xml:15:5-42
	android:targetSdkVersion
		INJECTED from src\main\AndroidManifest.xml
		INJECTED from src\main\AndroidManifest.xml
	android:minSdkVersion
		INJECTED from src\main\AndroidManifest.xml
		INJECTED from src\main\AndroidManifest.xml